<?xml version="1.0" encoding="UTF-8"?>
<robot generator="Robot 7.3.2 (Python 3.9.5 on win32)" generated="2025-11-20T03:02:53.481786" rpa="false" schemaversion="5">
<suite id="s1" name="Cookpedia-Integration-Test" source="C:\Users\asus\Desktop\Cookpedia-Integration-Test">
<suite id="s1-s1" name="Test" source="C:\Users\asus\Desktop\Cookpedia-Integration-Test\test.robot">
<test id="s1-s1-t1" name="TC-001-Open Soften Website And Register" line="6">
<kw name="New Browser" owner="Browser">
<msg time="2025-11-20T03:02:54.004787" level="INFO">{"browser": "chromium", "headless": false, "chromiumSandbox": false, "devtools": false, "handleSIGHUP": true, "handleSIGINT": true, "handleSIGTERM": true, "slowMo": 0.0, "timeout": 30000.0, "tracesDir": "C:\\Users\\asus\\Desktop\\Cookpedia-Integration-Test\\results\\browser\\traces\\temp\\e798c6a4-32e8-473d-8af6-075a2b61a5b1"}</msg>
<msg time="2025-11-20T03:02:54.202793" level="INFO">Starting Browser process C:\Users\asus\AppData\Local\Programs\Python\Python39\lib\site-packages\Browser\wrapper\index.js using at 127.0.0.1:54990</msg>
<msg time="2025-11-20T03:02:58.225019" level="INFO">Successfully created browser with options: {"browser":"chromium","headless":false,"chromiumSandbox":false,"devtools":false,"handleSIGHUP":true,"handleSIGINT":true,"handleSIGTERM":true,"slowMo":0,"timeout":30000,"tracesDir":"C:\\Users\\asus\\Desktop\\Cookpedia-Integration-Test\\results\\browser\\traces\\temp\\e798c6a4-32e8-473d-8af6-075a2b61a5b1"}</msg>
<arg>headless=false</arg>
<arg>browser=chromium</arg>
<tag>BrowserControl</tag>
<tag>Setter</tag>
<doc>Create a new playwright Browser with specified options.</doc>
<status status="PASS" start="2025-11-20T03:02:54.001788" elapsed="4.224225"/>
</kw>
<kw name="New Page" owner="Browser">
<msg time="2025-11-20T03:02:59.301012" level="INFO">Successfully initialized new page object and opened url: https://soften-front.vercel.app/</msg>
<msg time="2025-11-20T03:02:59.303027" level="INFO">No context was open. New context was automatically opened when this page is created.</msg>
<arg>https://soften-front.vercel.app/</arg>
<tag>BrowserControl</tag>
<tag>Setter</tag>
<doc>Open a new Page.</doc>
<status status="PASS" start="2025-11-20T03:02:58.240017" elapsed="1.065004"/>
</kw>
<kw name="Wait For Elements State" owner="Browser">
<msg time="2025-11-20T03:02:59.313017" level="FAIL">Variable '${SIGNUP_BUTTON}' not found.</msg>
<arg>${SIGNUP_BUTTON}</arg>
<arg>state=visible</arg>
<arg>timeout=10s</arg>
<tag>PageContent</tag>
<tag>Wait</tag>
<doc>Waits for the element found by ``selector`` to satisfy state option.</doc>
<status status="FAIL" start="2025-11-20T03:02:59.309020" elapsed="0.023011">Variable '${SIGNUP_BUTTON}' not found.</status>
</kw>
<kw name="Click" owner="Browser">
<arg>${SIGNUP_BUTTON}</arg>
<tag>PageContent</tag>
<tag>Setter</tag>
<doc>Simulates mouse click on the element found by ``selector``.</doc>
<status status="NOT RUN" start="2025-11-20T03:02:59.342018" elapsed="0.001005"/>
</kw>
<kw name="Wait For Elements State" owner="Browser">
<arg>${USERNAME_INPUT}</arg>
<arg>state=visible</arg>
<arg>timeout=10s</arg>
<tag>PageContent</tag>
<tag>Wait</tag>
<doc>Waits for the element found by ``selector`` to satisfy state option.</doc>
<status status="NOT RUN" start="2025-11-20T03:02:59.345013" elapsed="0.002003"/>
</kw>
<kw name="Fill Text" owner="Browser">
<arg>${USERNAME_INPUT}</arg>
<arg>testuser</arg>
<tag>PageContent</tag>
<tag>Setter</tag>
<doc>Clears and fills the given ``txt`` into the text field found by ``selector``.</doc>
<status status="NOT RUN" start="2025-11-20T03:02:59.348021" elapsed="0.000997"/>
</kw>
<kw name="Fill Text" owner="Browser">
<arg>${PASSWORD_INPUT}</arg>
<arg>mypassword123</arg>
<tag>PageContent</tag>
<tag>Setter</tag>
<doc>Clears and fills the given ``txt`` into the text field found by ``selector``.</doc>
<status status="NOT RUN" start="2025-11-20T03:02:59.350022" elapsed="0.000997"/>
</kw>
<kw name="Fill Text" owner="Browser">
<arg>${EMAIL_INPUT}</arg>
<arg>testuser@example.com</arg>
<tag>PageContent</tag>
<tag>Setter</tag>
<doc>Clears and fills the given ``txt`` into the text field found by ``selector``.</doc>
<status status="NOT RUN" start="2025-11-20T03:02:59.355015" elapsed="0.002002"/>
</kw>
<kw name="Sleep" owner="BuiltIn">
<arg>10s</arg>
<doc>Pauses the test executed for the given time.</doc>
<status status="NOT RUN" start="2025-11-20T03:02:59.364019" elapsed="0.001000"/>
</kw>
<kw name="Close Browser" owner="Browser">
<tag>BrowserControl</tag>
<tag>Setter</tag>
<doc>Closes the current browser.</doc>
<status status="NOT RUN" start="2025-11-20T03:02:59.372016" elapsed="0.003004"/>
</kw>
<msg time="2025-11-20T03:02:59.595018" level="INFO">Switching context to context=bc68dbfc-395a-414d-8bbe-76130bd9cf38 in CURRENT</msg>
<msg time="2025-11-20T03:02:59.624013" level="INFO">Successfully changed active context: context=bc68dbfc-395a-414d-8bbe-76130bd9cf38</msg>
<msg time="2025-11-20T03:02:59.746016" level="INFO">Successfully closed Context</msg>
<status status="FAIL" start="2025-11-20T03:02:53.991793" elapsed="5.384230">Variable '${SIGNUP_BUTTON}' not found.</status>
</test>
<status status="FAIL" start="2025-11-20T03:02:53.641792" elapsed="6.115223"/>
</suite>
<status status="FAIL" start="2025-11-20T03:02:53.501793" elapsed="6.362222"/>
</suite>
<statistics>
<total>
<stat pass="0" fail="1" skip="0">All Tests</stat>
</total>
<tag>
</tag>
<suite>
<stat name="Cookpedia-Integration-Test" id="s1" pass="0" fail="1" skip="0">Cookpedia-Integration-Test</stat>
<stat name="Test" id="s1-s1" pass="0" fail="1" skip="0">Cookpedia-Integration-Test.Test</stat>
</suite>
</statistics>
<errors>
<msg time="2025-11-20T03:02:53.956785" level="ERROR">Error in file 'C:\Users\asus\Desktop\Cookpedia-Integration-Test\test.robot' on line 3: Processing variable file '../elements_locator.robot' failed: Importing variable file '../elements_locator.robot' failed: ModuleNotFoundError: No module named '.'
Traceback (most recent call last):
  None
PYTHONPATH:
  C:\Users\asus\Desktop\Cookpedia-Integration-Test\lib
  C:\Users\asus\Desktop\Cookpedia-Integration-Test\resources
  c:\Users\asus\.vscode\extensions\d-biehl.robotcode-2.0.1\bundled\libs
  c:\Users\asus\.vscode\extensions\d-biehl.robotcode-2.0.1\bundled\tool\robotcode
  C:\Users\asus\AppData\Local\Programs\Python\Python39\python39.zip
  C:\Users\asus\AppData\Local\Programs\Python\Python39\DLLs
  C:\Users\asus\AppData\Local\Programs\Python\Python39\lib
  C:\Users\asus\AppData\Local\Programs\Python\Python39
  C:\Users\asus\AppData\Roaming\Python\Python39\site-packages
  C:\Users\asus\AppData\Local\Programs\Python\Python39\lib\site-packages
  C:\Users\asus\AppData\Local\Programs\Python\Python39\lib\site-packages\win32
  C:\Users\asus\AppData\Local\Programs\Python\Python39\lib\site-packages\win32\lib
  C:\Users\asus\AppData\Local\Programs\Python\Python39\lib\site-packages\Pythonwin</msg>
</errors>
</robot>
